0 info it worked if it ends with ok
1 verbose cli [ '/Users/patrick/.nvm/versions/node/v7.2.0/bin/node',
1 verbose cli   '/Users/patrick/.nvm/versions/node/v7.2.0/bin/npm',
1 verbose cli   'install',
1 verbose cli   '--save-dev',
1 verbose cli   'eslint-config-airbnb',
1 verbose cli   'eslint@^#.#.#',
1 verbose cli   'eslint-plugin-jsx-a11y@^#.#.#',
1 verbose cli   'eslint-plugin-import@^#.#.#',
1 verbose cli   'eslint-plugin-react@^#.#.#' ]
2 info using npm@3.10.9
3 info using node@v7.2.0
4 silly loadCurrentTree Starting
5 silly install loadCurrentTree
6 silly install readLocalPackageData
7 silly fetchPackageMetaData eslint-config-airbnb@^13.0.0
8 silly fetchPackageMetaData eslint@^#.#.#
9 silly fetchPackageMetaData eslint-plugin-jsx-a11y@^#.#.#
10 silly fetchPackageMetaData eslint-plugin-import@^#.#.#
11 silly fetchPackageMetaData eslint-plugin-react@^#.#.#
12 silly fetchNamedPackageData eslint-config-airbnb
13 silly mapToRegistry name eslint-config-airbnb
14 silly mapToRegistry using default registry
15 silly mapToRegistry registry https://registry.npmjs.org/
16 silly mapToRegistry data Result {
16 silly mapToRegistry   raw: 'eslint-config-airbnb',
16 silly mapToRegistry   scope: null,
16 silly mapToRegistry   escapedName: 'eslint-config-airbnb',
16 silly mapToRegistry   name: 'eslint-config-airbnb',
16 silly mapToRegistry   rawSpec: '',
16 silly mapToRegistry   spec: 'latest',
16 silly mapToRegistry   type: 'tag' }
17 silly mapToRegistry uri https://registry.npmjs.org/eslint-config-airbnb
18 silly fetchNamedPackageData eslint
19 silly mapToRegistry name eslint
20 silly mapToRegistry using default registry
21 silly mapToRegistry registry https://registry.npmjs.org/
22 silly mapToRegistry data Result {
22 silly mapToRegistry   raw: 'eslint',
22 silly mapToRegistry   scope: null,
22 silly mapToRegistry   escapedName: 'eslint',
22 silly mapToRegistry   name: 'eslint',
22 silly mapToRegistry   rawSpec: '',
22 silly mapToRegistry   spec: 'latest',
22 silly mapToRegistry   type: 'tag' }
23 silly mapToRegistry uri https://registry.npmjs.org/eslint
24 silly fetchNamedPackageData eslint-plugin-jsx-a11y
25 silly mapToRegistry name eslint-plugin-jsx-a11y
26 silly mapToRegistry using default registry
27 silly mapToRegistry registry https://registry.npmjs.org/
28 silly mapToRegistry data Result {
28 silly mapToRegistry   raw: 'eslint-plugin-jsx-a11y',
28 silly mapToRegistry   scope: null,
28 silly mapToRegistry   escapedName: 'eslint-plugin-jsx-a11y',
28 silly mapToRegistry   name: 'eslint-plugin-jsx-a11y',
28 silly mapToRegistry   rawSpec: '',
28 silly mapToRegistry   spec: 'latest',
28 silly mapToRegistry   type: 'tag' }
29 silly mapToRegistry uri https://registry.npmjs.org/eslint-plugin-jsx-a11y
30 silly fetchNamedPackageData eslint-plugin-import
31 silly mapToRegistry name eslint-plugin-import
32 silly mapToRegistry using default registry
33 silly mapToRegistry registry https://registry.npmjs.org/
34 silly mapToRegistry data Result {
34 silly mapToRegistry   raw: 'eslint-plugin-import',
34 silly mapToRegistry   scope: null,
34 silly mapToRegistry   escapedName: 'eslint-plugin-import',
34 silly mapToRegistry   name: 'eslint-plugin-import',
34 silly mapToRegistry   rawSpec: '',
34 silly mapToRegistry   spec: 'latest',
34 silly mapToRegistry   type: 'tag' }
35 silly mapToRegistry uri https://registry.npmjs.org/eslint-plugin-import
36 silly fetchNamedPackageData eslint-plugin-react
37 silly mapToRegistry name eslint-plugin-react
38 silly mapToRegistry using default registry
39 silly mapToRegistry registry https://registry.npmjs.org/
40 silly mapToRegistry data Result {
40 silly mapToRegistry   raw: 'eslint-plugin-react',
40 silly mapToRegistry   scope: null,
40 silly mapToRegistry   escapedName: 'eslint-plugin-react',
40 silly mapToRegistry   name: 'eslint-plugin-react',
40 silly mapToRegistry   rawSpec: '',
40 silly mapToRegistry   spec: 'latest',
40 silly mapToRegistry   type: 'tag' }
41 silly mapToRegistry uri https://registry.npmjs.org/eslint-plugin-react
42 verbose request uri https://registry.npmjs.org/eslint-plugin-jsx-a11y
43 verbose request no auth needed
44 info attempt registry request try #1 at 12:52:04 PM
45 verbose request id 61e08a238dfbea6c
46 http request GET https://registry.npmjs.org/eslint-plugin-jsx-a11y
47 verbose request uri https://registry.npmjs.org/eslint-plugin-import
48 verbose request no auth needed
49 info attempt registry request try #1 at 12:52:04 PM
50 http request GET https://registry.npmjs.org/eslint-plugin-import
51 verbose request uri https://registry.npmjs.org/eslint-plugin-react
52 verbose request no auth needed
53 info attempt registry request try #1 at 12:52:04 PM
54 http request GET https://registry.npmjs.org/eslint-plugin-react
55 verbose request uri https://registry.npmjs.org/eslint-config-airbnb
56 verbose request no auth needed
57 info attempt registry request try #1 at 12:52:04 PM
58 verbose etag W/"584fc378-115bd"
59 verbose lastModified Tue, 13 Dec 2016 09:46:32 GMT
60 http request GET https://registry.npmjs.org/eslint-config-airbnb
61 verbose request uri https://registry.npmjs.org/eslint
62 verbose request no auth needed
63 info attempt registry request try #1 at 12:52:04 PM
64 verbose etag W/"58519bee-62be7"
65 verbose lastModified Wed, 14 Dec 2016 19:22:22 GMT
66 http request GET https://registry.npmjs.org/eslint
67 http 200 https://registry.npmjs.org/eslint-plugin-jsx-a11y
68 verbose headers { server: 'nginx/1.10.1',
68 verbose headers   'content-type': 'application/json',
68 verbose headers   'last-modified': 'Wed, 14 Dec 2016 18:52:29 GMT',
68 verbose headers   etag: 'W/"585194ed-1aab5"',
68 verbose headers   'content-encoding': 'gzip',
68 verbose headers   'cache-control': 'max-age=300',
68 verbose headers   'content-length': '10071',
68 verbose headers   'accept-ranges': 'bytes',
68 verbose headers   date: 'Thu, 15 Dec 2016 01:52:04 GMT',
68 verbose headers   via: '1.1 varnish',
68 verbose headers   age: '10',
68 verbose headers   connection: 'keep-alive',
68 verbose headers   'x-served-by': 'cache-hkg6823-HKG',
68 verbose headers   'x-cache': 'HIT',
68 verbose headers   'x-cache-hits': '1',
68 verbose headers   'x-timer': 'S1481766724.828944,VS0,VE0',
68 verbose headers   vary: 'Accept-Encoding' }
69 silly get cb [ 200,
69 silly get   { server: 'nginx/1.10.1',
69 silly get     'content-type': 'application/json',
69 silly get     'last-modified': 'Wed, 14 Dec 2016 18:52:29 GMT',
69 silly get     etag: 'W/"585194ed-1aab5"',
69 silly get     'content-encoding': 'gzip',
69 silly get     'cache-control': 'max-age=300',
69 silly get     'content-length': '10071',
69 silly get     'accept-ranges': 'bytes',
69 silly get     date: 'Thu, 15 Dec 2016 01:52:04 GMT',
69 silly get     via: '1.1 varnish',
69 silly get     age: '10',
69 silly get     connection: 'keep-alive',
69 silly get     'x-served-by': 'cache-hkg6823-HKG',
69 silly get     'x-cache': 'HIT',
69 silly get     'x-cache-hits': '1',
69 silly get     'x-timer': 'S1481766724.828944,VS0,VE0',
69 silly get     vary: 'Accept-Encoding' } ]
70 verbose get saving eslint-plugin-jsx-a11y to /Users/patrick/.npm/registry.npmjs.org/eslint-plugin-jsx-a11y/.cache.json
71 verbose correctMkdir /Users/patrick/.npm correctMkdir not in flight; initializing
72 silly fetchPackageMetaData Error: No compatible version found: eslint-plugin-jsx-a11y@^#.#.#
72 silly fetchPackageMetaData Valid install targets:
72 silly fetchPackageMetaData 3.0.2, 3.0.1, 2.2.3, 2.2.2, 2.2.1, 2.2.0, 2.1.0, 2.0.1, 2.0.0, 1.5.5, 1.5.4, 1.5.3, 1.5.2, 1.5.1, 1.5.0, 1.4.2, 1.4.1, 1.4.0, 1.3.0, 1.2.3, 1.2.2, 1.2.1, 1.2.0, 1.1.0, 1.0.4, 1.0.3, 1.0.2, 1.0.1, 1.0.0, 0.6.2, 0.6.1, 0.6.0, 0.5.4, 0.5.3, 0.5.2, 0.5.1, 0.5.0, 0.4.3, 0.4.2, 0.4.1, 0.4.0, 0.3.1, 0.3.0, 0.2.2, 0.2.1, 0.2.0, 0.1.2, 0.1.1, 0.1.0, 0.0.2, 0.0.1
72 silly fetchPackageMetaData
72 silly fetchPackageMetaData     at pickVersionFromRegistryDocument (/Users/patrick/.nvm/versions/node/v7.2.0/lib/node_modules/npm/lib/fetch-package-metadata.js:178:16)
72 silly fetchPackageMetaData     at /Users/patrick/.nvm/versions/node/v7.2.0/lib/node_modules/npm/node_modules/iferr/index.js:13:50
72 silly fetchPackageMetaData     at /Users/patrick/.nvm/versions/node/v7.2.0/lib/node_modules/npm/lib/utils/pulse-till-done.js:20:8
72 silly fetchPackageMetaData     at saved (/Users/patrick/.nvm/versions/node/v7.2.0/lib/node_modules/npm/lib/cache/caching-client.js:174:7)
72 silly fetchPackageMetaData     at /Users/patrick/.nvm/versions/node/v7.2.0/lib/node_modules/npm/node_modules/graceful-fs/polyfills.js:241:18
72 silly fetchPackageMetaData     at FSReqWrap.oncomplete (fs.js:111:15)
72 silly fetchPackageMetaData  error for eslint-plugin-jsx-a11y@^#.#.# { Error: No compatible version found: eslint-plugin-jsx-a11y@^#.#.#
72 silly fetchPackageMetaData Valid install targets:
72 silly fetchPackageMetaData 3.0.2, 3.0.1, 2.2.3, 2.2.2, 2.2.1, 2.2.0, 2.1.0, 2.0.1, 2.0.0, 1.5.5, 1.5.4, 1.5.3, 1.5.2, 1.5.1, 1.5.0, 1.4.2, 1.4.1, 1.4.0, 1.3.0, 1.2.3, 1.2.2, 1.2.1, 1.2.0, 1.1.0, 1.0.4, 1.0.3, 1.0.2, 1.0.1, 1.0.0, 0.6.2, 0.6.1, 0.6.0, 0.5.4, 0.5.3, 0.5.2, 0.5.1, 0.5.0, 0.4.3, 0.4.2, 0.4.1, 0.4.0, 0.3.1, 0.3.0, 0.2.2, 0.2.1, 0.2.0, 0.1.2, 0.1.1, 0.1.0, 0.0.2, 0.0.1
72 silly fetchPackageMetaData
72 silly fetchPackageMetaData     at pickVersionFromRegistryDocument (/Users/patrick/.nvm/versions/node/v7.2.0/lib/node_modules/npm/lib/fetch-package-metadata.js:178:16)
72 silly fetchPackageMetaData     at /Users/patrick/.nvm/versions/node/v7.2.0/lib/node_modules/npm/node_modules/iferr/index.js:13:50
72 silly fetchPackageMetaData     at /Users/patrick/.nvm/versions/node/v7.2.0/lib/node_modules/npm/lib/utils/pulse-till-done.js:20:8
72 silly fetchPackageMetaData     at saved (/Users/patrick/.nvm/versions/node/v7.2.0/lib/node_modules/npm/lib/cache/caching-client.js:174:7)
72 silly fetchPackageMetaData     at /Users/patrick/.nvm/versions/node/v7.2.0/lib/node_modules/npm/node_modules/graceful-fs/polyfills.js:241:18
72 silly fetchPackageMetaData     at FSReqWrap.oncomplete (fs.js:111:15) code: 'ETARGET' }
73 http 304 https://registry.npmjs.org/eslint
74 verbose headers { date: 'Thu, 15 Dec 2016 01:52:04 GMT',
74 verbose headers   via: '1.1 varnish',
74 verbose headers   'cache-control': 'max-age=300',
74 verbose headers   etag: 'W/"58519bee-62be7"',
74 verbose headers   age: '253',
74 verbose headers   connection: 'keep-alive',
74 verbose headers   'x-served-by': 'cache-hkg6820-HKG',
74 verbose headers   'x-cache': 'HIT',
74 verbose headers   'x-cache-hits': '4',
74 verbose headers   'x-timer': 'S1481766724.847884,VS0,VE0',
74 verbose headers   vary: 'Accept-Encoding' }
75 silly get cb [ 304,
75 silly get   { date: 'Thu, 15 Dec 2016 01:52:04 GMT',
75 silly get     via: '1.1 varnish',
75 silly get     'cache-control': 'max-age=300',
75 silly get     etag: 'W/"58519bee-62be7"',
75 silly get     age: '253',
75 silly get     connection: 'keep-alive',
75 silly get     'x-served-by': 'cache-hkg6820-HKG',
75 silly get     'x-cache': 'HIT',
75 silly get     'x-cache-hits': '4',
75 silly get     'x-timer': 'S1481766724.847884,VS0,VE0',
75 silly get     vary: 'Accept-Encoding' } ]
76 verbose etag https://registry.npmjs.org/eslint from cache
77 verbose get saving eslint to /Users/patrick/.npm/registry.npmjs.org/eslint/.cache.json
78 verbose correctMkdir /Users/patrick/.npm correctMkdir not in flight; initializing
79 http 304 https://registry.npmjs.org/eslint-config-airbnb
80 verbose headers { date: 'Thu, 15 Dec 2016 01:52:04 GMT',
80 verbose headers   via: '1.1 varnish',
80 verbose headers   'cache-control': 'max-age=300',
80 verbose headers   etag: 'W/"584fc378-115bd"',
80 verbose headers   age: '17',
80 verbose headers   connection: 'keep-alive',
80 verbose headers   'x-served-by': 'cache-hkg6822-HKG',
80 verbose headers   'x-cache': 'HIT',
80 verbose headers   'x-cache-hits': '2',
80 verbose headers   'x-timer': 'S1481766724.860468,VS0,VE0',
80 verbose headers   vary: 'Accept-Encoding' }
81 silly get cb [ 304,
81 silly get   { date: 'Thu, 15 Dec 2016 01:52:04 GMT',
81 silly get     via: '1.1 varnish',
81 silly get     'cache-control': 'max-age=300',
81 silly get     etag: 'W/"584fc378-115bd"',
81 silly get     age: '17',
81 silly get     connection: 'keep-alive',
81 silly get     'x-served-by': 'cache-hkg6822-HKG',
81 silly get     'x-cache': 'HIT',
81 silly get     'x-cache-hits': '2',
81 silly get     'x-timer': 'S1481766724.860468,VS0,VE0',
81 silly get     vary: 'Accept-Encoding' } ]
82 verbose etag https://registry.npmjs.org/eslint-config-airbnb from cache
83 verbose get saving eslint-config-airbnb to /Users/patrick/.npm/registry.npmjs.org/eslint-config-airbnb/.cache.json
84 verbose correctMkdir /Users/patrick/.npm correctMkdir not in flight; initializing
85 silly fetchNamedPackageData No valid target from cache, forcing network
86 verbose request uri https://registry.npmjs.org/eslint
87 verbose request no auth needed
88 info attempt registry request try #1 at 12:52:04 PM
89 http request GET https://registry.npmjs.org/eslint
90 http 200 https://registry.npmjs.org/eslint-plugin-react
91 verbose headers { server: 'nginx/1.10.1',
91 verbose headers   'content-type': 'application/json',
91 verbose headers   'last-modified': 'Wed, 07 Dec 2016 07:30:14 GMT',
91 verbose headers   etag: 'W/"5847ba86-2983b"',
91 verbose headers   'content-encoding': 'gzip',
91 verbose headers   'cache-control': 'max-age=300',
91 verbose headers   'content-length': '16901',
91 verbose headers   'accept-ranges': 'bytes',
91 verbose headers   date: 'Thu, 15 Dec 2016 01:52:04 GMT',
91 verbose headers   via: '1.1 varnish',
91 verbose headers   age: '139',
91 verbose headers   connection: 'keep-alive',
91 verbose headers   'x-served-by': 'cache-hkg6823-HKG',
91 verbose headers   'x-cache': 'HIT',
91 verbose headers   'x-cache-hits': '3',
91 verbose headers   'x-timer': 'S1481766724.818346,VS0,VE0',
91 verbose headers   vary: 'Accept-Encoding' }
92 silly get cb [ 200,
92 silly get   { server: 'nginx/1.10.1',
92 silly get     'content-type': 'application/json',
92 silly get     'last-modified': 'Wed, 07 Dec 2016 07:30:14 GMT',
92 silly get     etag: 'W/"5847ba86-2983b"',
92 silly get     'content-encoding': 'gzip',
92 silly get     'cache-control': 'max-age=300',
92 silly get     'content-length': '16901',
92 silly get     'accept-ranges': 'bytes',
92 silly get     date: 'Thu, 15 Dec 2016 01:52:04 GMT',
92 silly get     via: '1.1 varnish',
92 silly get     age: '139',
92 silly get     connection: 'keep-alive',
92 silly get     'x-served-by': 'cache-hkg6823-HKG',
92 silly get     'x-cache': 'HIT',
92 silly get     'x-cache-hits': '3',
92 silly get     'x-timer': 'S1481766724.818346,VS0,VE0',
92 silly get     vary: 'Accept-Encoding' } ]
93 verbose get saving eslint-plugin-react to /Users/patrick/.npm/registry.npmjs.org/eslint-plugin-react/.cache.json
94 verbose correctMkdir /Users/patrick/.npm correctMkdir not in flight; initializing
95 silly fetchPackageMetaData Error: No compatible version found: eslint-plugin-react@^#.#.#
95 silly fetchPackageMetaData Valid install targets:
95 silly fetchPackageMetaData 6.8.0, 6.7.1, 6.7.0, 6.6.0, 6.5.0, 6.4.1, 6.4.0, 6.3.0, 6.2.2, 6.2.1, 6.2.0, 6.1.2, 6.1.1, 6.1.0, 6.0.0, 6.0.0-rc.1, 6.0.0-rc.0, 6.0.0-alpha.2, 6.0.0-alpha.1, 5.2.2, 5.2.1, 5.2.0, 5.1.1, 5.1.0, 5.0.1, 5.0.0, 4.3.0, 4.2.3, 4.2.2, 4.2.1, 4.2.0, 4.1.0, 4.0.0, 4.0.0-rc.1, 4.0.0-rc.0, 3.16.1, 3.16.0, 3.15.0, 3.14.0, 3.13.1, 3.13.0, 3.12.0, 3.11.3, 3.11.2, 3.11.1, 3.11.0, 3.10.0, 3.9.0, 3.8.0, 3.7.1, 3.7.0, 3.6.3, 3.6.2, 3.6.1, 3.6.0, 3.5.1, 3.5.0, 3.4.2, 3.4.1, 3.4.0, 3.3.2, 3.3.1, 3.3.0, 3.2.3, 3.2.2, 3.2.1, 3.2.0, 3.1.0, 3.0.0, 2.7.1, 2.7.0, 2.6.4, 2.6.3, 2.6.2, 2.6.1, 2.6.0, 2.5.2, 2.5.1, 2.5.0, 2.4.0, 2.3.0, 2.2.0, 2.1.1, 2.1.0, 2.0.2, 2.0.1, 2.0.0, 1.6.1, 1.6.0, 1.5.0, 1.4.1, 1.4.0, 1.3.0, 1.2.2, 1.2.1, 1.2.0, 1.1.0, 1.0.0
95 silly fetchPackageMetaData
95 silly fetchPackageMetaData     at pickVersionFromRegistryDocument (/Users/patrick/.nvm/versions/node/v7.2.0/lib/node_modules/npm/lib/fetch-package-metadata.js:178:16)
95 silly fetchPackageMetaData     at /Users/patrick/.nvm/versions/node/v7.2.0/lib/node_modules/npm/node_modules/iferr/index.js:13:50
95 silly fetchPackageMetaData     at /Users/patrick/.nvm/versions/node/v7.2.0/lib/node_modules/npm/lib/utils/pulse-till-done.js:20:8
95 silly fetchPackageMetaData     at saved (/Users/patrick/.nvm/versions/node/v7.2.0/lib/node_modules/npm/lib/cache/caching-client.js:174:7)
95 silly fetchPackageMetaData     at /Users/patrick/.nvm/versions/node/v7.2.0/lib/node_modules/npm/node_modules/graceful-fs/polyfills.js:241:18
95 silly fetchPackageMetaData     at FSReqWrap.oncomplete (fs.js:111:15)
95 silly fetchPackageMetaData  error for eslint-plugin-react@^#.#.# { Error: No compatible version found: eslint-plugin-react@^#.#.#
95 silly fetchPackageMetaData Valid install targets:
95 silly fetchPackageMetaData 6.8.0, 6.7.1, 6.7.0, 6.6.0, 6.5.0, 6.4.1, 6.4.0, 6.3.0, 6.2.2, 6.2.1, 6.2.0, 6.1.2, 6.1.1, 6.1.0, 6.0.0, 6.0.0-rc.1, 6.0.0-rc.0, 6.0.0-alpha.2, 6.0.0-alpha.1, 5.2.2, 5.2.1, 5.2.0, 5.1.1, 5.1.0, 5.0.1, 5.0.0, 4.3.0, 4.2.3, 4.2.2, 4.2.1, 4.2.0, 4.1.0, 4.0.0, 4.0.0-rc.1, 4.0.0-rc.0, 3.16.1, 3.16.0, 3.15.0, 3.14.0, 3.13.1, 3.13.0, 3.12.0, 3.11.3, 3.11.2, 3.11.1, 3.11.0, 3.10.0, 3.9.0, 3.8.0, 3.7.1, 3.7.0, 3.6.3, 3.6.2, 3.6.1, 3.6.0, 3.5.1, 3.5.0, 3.4.2, 3.4.1, 3.4.0, 3.3.2, 3.3.1, 3.3.0, 3.2.3, 3.2.2, 3.2.1, 3.2.0, 3.1.0, 3.0.0, 2.7.1, 2.7.0, 2.6.4, 2.6.3, 2.6.2, 2.6.1, 2.6.0, 2.5.2, 2.5.1, 2.5.0, 2.4.0, 2.3.0, 2.2.0, 2.1.1, 2.1.0, 2.0.2, 2.0.1, 2.0.0, 1.6.1, 1.6.0, 1.5.0, 1.4.1, 1.4.0, 1.3.0, 1.2.2, 1.2.1, 1.2.0, 1.1.0, 1.0.0
95 silly fetchPackageMetaData
95 silly fetchPackageMetaData     at pickVersionFromRegistryDocument (/Users/patrick/.nvm/versions/node/v7.2.0/lib/node_modules/npm/lib/fetch-package-metadata.js:178:16)
95 silly fetchPackageMetaData     at /Users/patrick/.nvm/versions/node/v7.2.0/lib/node_modules/npm/node_modules/iferr/index.js:13:50
95 silly fetchPackageMetaData     at /Users/patrick/.nvm/versions/node/v7.2.0/lib/node_modules/npm/lib/utils/pulse-till-done.js:20:8
95 silly fetchPackageMetaData     at saved (/Users/patrick/.nvm/versions/node/v7.2.0/lib/node_modules/npm/lib/cache/caching-client.js:174:7)
95 silly fetchPackageMetaData     at /Users/patrick/.nvm/versions/node/v7.2.0/lib/node_modules/npm/node_modules/graceful-fs/polyfills.js:241:18
95 silly fetchPackageMetaData     at FSReqWrap.oncomplete (fs.js:111:15) code: 'ETARGET' }
96 http 200 https://registry.npmjs.org/eslint-plugin-import
97 verbose headers { server: 'nginx/1.10.1',
97 verbose headers   'content-type': 'application/json',
97 verbose headers   'last-modified': 'Sat, 10 Dec 2016 14:27:23 GMT',
97 verbose headers   etag: 'W/"584c10cb-2ca25"',
97 verbose headers   'content-encoding': 'gzip',
97 verbose headers   'cache-control': 'max-age=300',
97 verbose headers   'content-length': '17101',
97 verbose headers   'accept-ranges': 'bytes',
97 verbose headers   date: 'Thu, 15 Dec 2016 01:52:04 GMT',
97 verbose headers   via: '1.1 varnish',
97 verbose headers   age: '145',
97 verbose headers   connection: 'keep-alive',
97 verbose headers   'x-served-by': 'cache-hkg6822-HKG',
97 verbose headers   'x-cache': 'HIT',
97 verbose headers   'x-cache-hits': '3',
97 verbose headers   'x-timer': 'S1481766724.847997,VS0,VE0',
97 verbose headers   vary: 'Accept-Encoding' }
98 silly get cb [ 200,
98 silly get   { server: 'nginx/1.10.1',
98 silly get     'content-type': 'application/json',
98 silly get     'last-modified': 'Sat, 10 Dec 2016 14:27:23 GMT',
98 silly get     etag: 'W/"584c10cb-2ca25"',
98 silly get     'content-encoding': 'gzip',
98 silly get     'cache-control': 'max-age=300',
98 silly get     'content-length': '17101',
98 silly get     'accept-ranges': 'bytes',
98 silly get     date: 'Thu, 15 Dec 2016 01:52:04 GMT',
98 silly get     via: '1.1 varnish',
98 silly get     age: '145',
98 silly get     connection: 'keep-alive',
98 silly get     'x-served-by': 'cache-hkg6822-HKG',
98 silly get     'x-cache': 'HIT',
98 silly get     'x-cache-hits': '3',
98 silly get     'x-timer': 'S1481766724.847997,VS0,VE0',
98 silly get     vary: 'Accept-Encoding' } ]
99 verbose get saving eslint-plugin-import to /Users/patrick/.npm/registry.npmjs.org/eslint-plugin-import/.cache.json
100 verbose correctMkdir /Users/patrick/.npm correctMkdir not in flight; initializing
101 silly fetchPackageMetaData Error: No compatible version found: eslint-plugin-import@^#.#.#
101 silly fetchPackageMetaData Valid install targets:
101 silly fetchPackageMetaData 2.2.0, 2.1.0, 2.0.1, 2.0.0, 2.0.0-beta.1, 2.0.0-beta.0, 1.16.0, 1.15.0, 1.14.0, 1.13.0, 1.12.0, 1.11.1, 1.11.0, 1.10.3, 1.10.2, 1.10.0, 1.9.2, 1.9.1, 1.9.0, 1.8.1, 1.8.0, 1.7.0, 1.6.1, 1.6.0, 1.5.0, 1.4.0, 1.3.0, 1.2.0, 1.1.0, 1.0.4, 1.0.3, 1.0.2, 1.0.1, 1.0.0, 1.0.0-beta.0, 0.13.0, 0.12.1, 0.12.0, 0.11.0, 0.10.1, 0.10.0, 0.9.1, 0.8.1, 0.8.0, 0.7.9, 0.7.8, 0.7.7, 0.7.5, 0.7.4, 0.7.3, 0.7.2, 0.7.1, 0.7.0, 0.6.0, 0.5.2, 0.5.1, 0.4.5, 0.4.4, 0.4.3, 0.4.2, 0.4.1, 0.4.0, 0.3.13, 0.3.12, 0.3.11, 0.3.10, 0.3.9, 0.3.8, 0.3.6, 0.3.5, 0.3.4, 0.3.3, 0.3.2, 0.3.0
101 silly fetchPackageMetaData
101 silly fetchPackageMetaData     at pickVersionFromRegistryDocument (/Users/patrick/.nvm/versions/node/v7.2.0/lib/node_modules/npm/lib/fetch-package-metadata.js:178:16)
101 silly fetchPackageMetaData     at /Users/patrick/.nvm/versions/node/v7.2.0/lib/node_modules/npm/node_modules/iferr/index.js:13:50
101 silly fetchPackageMetaData     at /Users/patrick/.nvm/versions/node/v7.2.0/lib/node_modules/npm/lib/utils/pulse-till-done.js:20:8
101 silly fetchPackageMetaData     at saved (/Users/patrick/.nvm/versions/node/v7.2.0/lib/node_modules/npm/lib/cache/caching-client.js:174:7)
101 silly fetchPackageMetaData     at /Users/patrick/.nvm/versions/node/v7.2.0/lib/node_modules/npm/node_modules/graceful-fs/polyfills.js:241:18
101 silly fetchPackageMetaData     at FSReqWrap.oncomplete (fs.js:111:15)
101 silly fetchPackageMetaData  error for eslint-plugin-import@^#.#.# { Error: No compatible version found: eslint-plugin-import@^#.#.#
101 silly fetchPackageMetaData Valid install targets:
101 silly fetchPackageMetaData 2.2.0, 2.1.0, 2.0.1, 2.0.0, 2.0.0-beta.1, 2.0.0-beta.0, 1.16.0, 1.15.0, 1.14.0, 1.13.0, 1.12.0, 1.11.1, 1.11.0, 1.10.3, 1.10.2, 1.10.0, 1.9.2, 1.9.1, 1.9.0, 1.8.1, 1.8.0, 1.7.0, 1.6.1, 1.6.0, 1.5.0, 1.4.0, 1.3.0, 1.2.0, 1.1.0, 1.0.4, 1.0.3, 1.0.2, 1.0.1, 1.0.0, 1.0.0-beta.0, 0.13.0, 0.12.1, 0.12.0, 0.11.0, 0.10.1, 0.10.0, 0.9.1, 0.8.1, 0.8.0, 0.7.9, 0.7.8, 0.7.7, 0.7.5, 0.7.4, 0.7.3, 0.7.2, 0.7.1, 0.7.0, 0.6.0, 0.5.2, 0.5.1, 0.4.5, 0.4.4, 0.4.3, 0.4.2, 0.4.1, 0.4.0, 0.3.13, 0.3.12, 0.3.11, 0.3.10, 0.3.9, 0.3.8, 0.3.6, 0.3.5, 0.3.4, 0.3.3, 0.3.2, 0.3.0
101 silly fetchPackageMetaData
101 silly fetchPackageMetaData     at pickVersionFromRegistryDocument (/Users/patrick/.nvm/versions/node/v7.2.0/lib/node_modules/npm/lib/fetch-package-metadata.js:178:16)
101 silly fetchPackageMetaData     at /Users/patrick/.nvm/versions/node/v7.2.0/lib/node_modules/npm/node_modules/iferr/index.js:13:50
101 silly fetchPackageMetaData     at /Users/patrick/.nvm/versions/node/v7.2.0/lib/node_modules/npm/lib/utils/pulse-till-done.js:20:8
101 silly fetchPackageMetaData     at saved (/Users/patrick/.nvm/versions/node/v7.2.0/lib/node_modules/npm/lib/cache/caching-client.js:174:7)
101 silly fetchPackageMetaData     at /Users/patrick/.nvm/versions/node/v7.2.0/lib/node_modules/npm/node_modules/graceful-fs/polyfills.js:241:18
101 silly fetchPackageMetaData     at FSReqWrap.oncomplete (fs.js:111:15) code: 'ETARGET' }
102 http 200 https://registry.npmjs.org/eslint
103 verbose headers { server: 'nginx/1.10.1',
103 verbose headers   'content-type': 'application/json',
103 verbose headers   'last-modified': 'Wed, 14 Dec 2016 19:22:22 GMT',
103 verbose headers   etag: 'W/"58519bee-62be7"',
103 verbose headers   'content-encoding': 'gzip',
103 verbose headers   'cache-control': 'max-age=300',
103 verbose headers   'content-length': '24889',
103 verbose headers   'accept-ranges': 'bytes',
103 verbose headers   date: 'Thu, 15 Dec 2016 01:52:05 GMT',
103 verbose headers   via: '1.1 varnish',
103 verbose headers   age: '252',
103 verbose headers   connection: 'keep-alive',
103 verbose headers   'x-served-by': 'cache-hkg6823-HKG',
103 verbose headers   'x-cache': 'HIT',
103 verbose headers   'x-cache-hits': '5',
103 verbose headers   'x-timer': 'S1481766725.026748,VS0,VE0',
103 verbose headers   vary: 'Accept-Encoding' }
104 silly get cb [ 200,
104 silly get   { server: 'nginx/1.10.1',
104 silly get     'content-type': 'application/json',
104 silly get     'last-modified': 'Wed, 14 Dec 2016 19:22:22 GMT',
104 silly get     etag: 'W/"58519bee-62be7"',
104 silly get     'content-encoding': 'gzip',
104 silly get     'cache-control': 'max-age=300',
104 silly get     'content-length': '24889',
104 silly get     'accept-ranges': 'bytes',
104 silly get     date: 'Thu, 15 Dec 2016 01:52:05 GMT',
104 silly get     via: '1.1 varnish',
104 silly get     age: '252',
104 silly get     connection: 'keep-alive',
104 silly get     'x-served-by': 'cache-hkg6823-HKG',
104 silly get     'x-cache': 'HIT',
104 silly get     'x-cache-hits': '5',
104 silly get     'x-timer': 'S1481766725.026748,VS0,VE0',
104 silly get     vary: 'Accept-Encoding' } ]
105 verbose get saving eslint to /Users/patrick/.npm/registry.npmjs.org/eslint/.cache.json
106 verbose correctMkdir /Users/patrick/.npm correctMkdir not in flight; initializing
107 silly fetchPackageMetaData Error: No compatible version found: eslint@^#.#.#
107 silly fetchPackageMetaData Valid install targets:
107 silly fetchPackageMetaData 3.12.2, 3.12.1, 3.12.0, 3.11.1, 3.11.0, 3.10.2, 3.10.1, 3.10.0, 3.9.1, 3.9.0, 3.8.1, 3.8.0, 3.7.1, 3.7.0, 3.6.1, 3.6.0, 3.5.0, 3.4.0, 3.3.1, 3.3.0, 3.2.2, 3.2.1, 3.2.0, 3.1.1, 3.1.0, 3.0.1, 3.0.0, 2.13.1, 2.13.0, 2.12.0, 2.11.1, 2.11.0, 2.10.2, 2.10.1, 2.10.0, 2.9.0, 2.8.0, 2.7.0, 2.6.0, 2.5.3, 2.5.2, 2.5.1, 2.5.0, 2.4.0, 2.3.0, 2.2.0, 2.1.0, 2.0.0, 2.0.0-rc.1, 2.0.0-rc.0, 2.0.0-beta.3, 2.0.0-beta.2, 2.0.0-beta.1, 2.0.0-alpha-2, 2.0.0-alpha-1, 1.10.3, 1.10.2, 1.10.1, 1.10.0, 1.9.0, 1.8.0, 1.7.3, 1.7.2, 1.7.1, 1.7.0, 1.6.0, 1.5.1, 1.5.0, 1.4.3, 1.4.2, 1.4.1, 1.4.0, 1.3.1, 1.3.0, 1.2.1, 1.2.0, 1.1.0, 1.0.0, 1.0.0-rc-3, 1.0.0-rc-2, 1.0.0-rc-1, 0.24.1, 0.24.0, 0.23.0, 0.22.1, 0.22.0, 0.21.2, 0.21.1, 0.21.0, 0.20.0, 0.19.0, 0.18.0, 0.17.1, 0.17.0, 0.16.2, 0.16.1, 0.16.0, 0.15.1, 0.15.0, 0.14.1, 0.14.0, 0.13.0, 0.12.0, 0.11.0, 0.11.0-alpha.0, 0.10.2, 0.10.1, 0.10.0, 0.10.0-alpha.2, 0.10.0-alpha.1, 0.10.0-alpha, 0.9.2, 0.9.1, 0.9.0, 0.8.2, 0.8.1, 0.8.0, 0.7.4, 0.7.3, 0.7.2, 0.7.1, 0.6.2, 0.6.1, 0.6.0, 0.5.1, 0.5.0, 0.4.5, 0.4.4, 0.4.3, 0.4.2, 0.4.1, 0.4.0, 0.3.0, 0.2.0, 0.1.4, 0.1.3, 0.1.2, 0.1.1, 0.1.0, 0.1.0-dev, 0.0.7, 0.0.6, 0.0.5, 0.0.4
107 silly fetchPackageMetaData
107 silly fetchPackageMetaData     at pickVersionFromRegistryDocument (/Users/patrick/.nvm/versions/node/v7.2.0/lib/node_modules/npm/lib/fetch-package-metadata.js:178:16)
107 silly fetchPackageMetaData     at /Users/patrick/.nvm/versions/node/v7.2.0/lib/node_modules/npm/node_modules/iferr/index.js:13:50
107 silly fetchPackageMetaData     at /Users/patrick/.nvm/versions/node/v7.2.0/lib/node_modules/npm/lib/utils/pulse-till-done.js:20:8
107 silly fetchPackageMetaData     at saved (/Users/patrick/.nvm/versions/node/v7.2.0/lib/node_modules/npm/lib/cache/caching-client.js:174:7)
107 silly fetchPackageMetaData     at /Users/patrick/.nvm/versions/node/v7.2.0/lib/node_modules/npm/node_modules/graceful-fs/polyfills.js:241:18
107 silly fetchPackageMetaData     at FSReqWrap.oncomplete (fs.js:111:15)
107 silly fetchPackageMetaData  error for eslint@^#.#.# { Error: No compatible version found: eslint@^#.#.#
107 silly fetchPackageMetaData Valid install targets:
107 silly fetchPackageMetaData 3.12.2, 3.12.1, 3.12.0, 3.11.1, 3.11.0, 3.10.2, 3.10.1, 3.10.0, 3.9.1, 3.9.0, 3.8.1, 3.8.0, 3.7.1, 3.7.0, 3.6.1, 3.6.0, 3.5.0, 3.4.0, 3.3.1, 3.3.0, 3.2.2, 3.2.1, 3.2.0, 3.1.1, 3.1.0, 3.0.1, 3.0.0, 2.13.1, 2.13.0, 2.12.0, 2.11.1, 2.11.0, 2.10.2, 2.10.1, 2.10.0, 2.9.0, 2.8.0, 2.7.0, 2.6.0, 2.5.3, 2.5.2, 2.5.1, 2.5.0, 2.4.0, 2.3.0, 2.2.0, 2.1.0, 2.0.0, 2.0.0-rc.1, 2.0.0-rc.0, 2.0.0-beta.3, 2.0.0-beta.2, 2.0.0-beta.1, 2.0.0-alpha-2, 2.0.0-alpha-1, 1.10.3, 1.10.2, 1.10.1, 1.10.0, 1.9.0, 1.8.0, 1.7.3, 1.7.2, 1.7.1, 1.7.0, 1.6.0, 1.5.1, 1.5.0, 1.4.3, 1.4.2, 1.4.1, 1.4.0, 1.3.1, 1.3.0, 1.2.1, 1.2.0, 1.1.0, 1.0.0, 1.0.0-rc-3, 1.0.0-rc-2, 1.0.0-rc-1, 0.24.1, 0.24.0, 0.23.0, 0.22.1, 0.22.0, 0.21.2, 0.21.1, 0.21.0, 0.20.0, 0.19.0, 0.18.0, 0.17.1, 0.17.0, 0.16.2, 0.16.1, 0.16.0, 0.15.1, 0.15.0, 0.14.1, 0.14.0, 0.13.0, 0.12.0, 0.11.0, 0.11.0-alpha.0, 0.10.2, 0.10.1, 0.10.0, 0.10.0-alpha.2, 0.10.0-alpha.1, 0.10.0-alpha, 0.9.2, 0.9.1, 0.9.0, 0.8.2, 0.8.1, 0.8.0, 0.7.4, 0.7.3, 0.7.2, 0.7.1, 0.6.2, 0.6.1, 0.6.0, 0.5.1, 0.5.0, 0.4.5, 0.4.4, 0.4.3, 0.4.2, 0.4.1, 0.4.0, 0.3.0, 0.2.0, 0.1.4, 0.1.3, 0.1.2, 0.1.1, 0.1.0, 0.1.0-dev, 0.0.7, 0.0.6, 0.0.5, 0.0.4
107 silly fetchPackageMetaData
107 silly fetchPackageMetaData     at pickVersionFromRegistryDocument (/Users/patrick/.nvm/versions/node/v7.2.0/lib/node_modules/npm/lib/fetch-package-metadata.js:178:16)
107 silly fetchPackageMetaData     at /Users/patrick/.nvm/versions/node/v7.2.0/lib/node_modules/npm/node_modules/iferr/index.js:13:50
107 silly fetchPackageMetaData     at /Users/patrick/.nvm/versions/node/v7.2.0/lib/node_modules/npm/lib/utils/pulse-till-done.js:20:8
107 silly fetchPackageMetaData     at saved (/Users/patrick/.nvm/versions/node/v7.2.0/lib/node_modules/npm/lib/cache/caching-client.js:174:7)
107 silly fetchPackageMetaData     at /Users/patrick/.nvm/versions/node/v7.2.0/lib/node_modules/npm/node_modules/graceful-fs/polyfills.js:241:18
107 silly fetchPackageMetaData     at FSReqWrap.oncomplete (fs.js:111:15) code: 'ETARGET' }
108 silly rollbackFailedOptional Starting
109 silly rollbackFailedOptional Finishing
110 silly runTopLevelLifecycles Finishing
111 silly install printInstalled
112 verbose stack Error: No compatible version found: eslint-plugin-jsx-a11y@^#.#.#
112 verbose stack Valid install targets:
112 verbose stack 3.0.2, 3.0.1, 2.2.3, 2.2.2, 2.2.1, 2.2.0, 2.1.0, 2.0.1, 2.0.0, 1.5.5, 1.5.4, 1.5.3, 1.5.2, 1.5.1, 1.5.0, 1.4.2, 1.4.1, 1.4.0, 1.3.0, 1.2.3, 1.2.2, 1.2.1, 1.2.0, 1.1.0, 1.0.4, 1.0.3, 1.0.2, 1.0.1, 1.0.0, 0.6.2, 0.6.1, 0.6.0, 0.5.4, 0.5.3, 0.5.2, 0.5.1, 0.5.0, 0.4.3, 0.4.2, 0.4.1, 0.4.0, 0.3.1, 0.3.0, 0.2.2, 0.2.1, 0.2.0, 0.1.2, 0.1.1, 0.1.0, 0.0.2, 0.0.1
112 verbose stack
112 verbose stack     at pickVersionFromRegistryDocument (/Users/patrick/.nvm/versions/node/v7.2.0/lib/node_modules/npm/lib/fetch-package-metadata.js:178:16)
112 verbose stack     at /Users/patrick/.nvm/versions/node/v7.2.0/lib/node_modules/npm/node_modules/iferr/index.js:13:50
112 verbose stack     at /Users/patrick/.nvm/versions/node/v7.2.0/lib/node_modules/npm/lib/utils/pulse-till-done.js:20:8
112 verbose stack     at saved (/Users/patrick/.nvm/versions/node/v7.2.0/lib/node_modules/npm/lib/cache/caching-client.js:174:7)
112 verbose stack     at /Users/patrick/.nvm/versions/node/v7.2.0/lib/node_modules/npm/node_modules/graceful-fs/polyfills.js:241:18
112 verbose stack     at FSReqWrap.oncomplete (fs.js:111:15)
113 verbose cwd /Users/patrick/Materials/code-examples/term-3/week-14/mongoose-app
114 error Darwin 16.1.0
115 error argv "/Users/patrick/.nvm/versions/node/v7.2.0/bin/node" "/Users/patrick/.nvm/versions/node/v7.2.0/bin/npm" "install" "--save-dev" "eslint-config-airbnb" "eslint@^#.#.#" "eslint-plugin-jsx-a11y@^#.#.#" "eslint-plugin-import@^#.#.#" "eslint-plugin-react@^#.#.#"
116 error node v7.2.0
117 error npm  v3.10.9
118 error code ETARGET
119 error notarget No compatible version found: eslint-plugin-jsx-a11y@^#.#.#
119 error notarget Valid install targets:
119 error notarget 3.0.2, 3.0.1, 2.2.3, 2.2.2, 2.2.1, 2.2.0, 2.1.0, 2.0.1, 2.0.0, 1.5.5, 1.5.4, 1.5.3, 1.5.2, 1.5.1, 1.5.0, 1.4.2, 1.4.1, 1.4.0, 1.3.0, 1.2.3, 1.2.2, 1.2.1, 1.2.0, 1.1.0, 1.0.4, 1.0.3, 1.0.2, 1.0.1, 1.0.0, 0.6.2, 0.6.1, 0.6.0, 0.5.4, 0.5.3, 0.5.2, 0.5.1, 0.5.0, 0.4.3, 0.4.2, 0.4.1, 0.4.0, 0.3.1, 0.3.0, 0.2.2, 0.2.1, 0.2.0, 0.1.2, 0.1.1, 0.1.0, 0.0.2, 0.0.1
120 error notarget This is most likely not a problem with npm itself.
120 error notarget In most cases you or one of your dependencies are requesting
120 error notarget a package version that doesn't exist.
121 verbose exit [ 1, true ]
